# JRE version: OpenJDK Runtime Environment Temurin-17.0.10+7 (17.0.10+7) (build 17.0.10+7)
# Java VM: OpenJDK 64-Bit Server VM Temurin-17.0.10+7 (17.0.10+7, mixed mode, tiered, compressed oops, compressed class ptrs, parallel gc, windows-amd64)
GC Precious Log:
 CPUs: 8 total, 8 available
 Memory: 3947M
 Large Page Support: Disabled
 NUMA Support: Disabled
 Compressed Oops: Enabled (32-bit)
 Alignments: Space 512K, Generation 512K, Heap 2M
 Heap Min Capacity: 100M
 Heap Initial Capacity: 100M
 Heap Max Capacity: 1G
 Pre-touch: Disabled
 Parallel Workers: 8
Heap:
 PSYoungGen      total 27648K, used 22596K [0x00000000eab00000, 0x00000000eca00000, 0x0000000100000000)
  eden space 23552K, 80% used [0x00000000eab00000,0x00000000ebd70ce8,0x00000000ec200000)
  from space 4096K, 90% used [0x00000000ec280000,0x00000000ec620420,0x00000000ec680000)
  to   space 3584K, 0% used [0x00000000ec680000,0x00000000ec680000,0x00000000eca00000)
 ParOldGen       total 215552K, used 191155K [0x00000000c0000000, 0x00000000cd280000, 0x00000000eab00000)
  object space 215552K, 88% used [0x00000000c0000000,0x00000000cbaacea0,0x00000000cd280000)
 Metaspace       used 66595K, committed 67648K, reserved 1114112K
  class space    used 6981K, committed 7488K, reserved 1048576K
GC Heap History (20 events):
Event: 95.756 GC heap before
{Heap before GC invocations=924 (full 24):
 PSYoungGen      total 29696K, used 1275K [0x00000000eab00000, 0x00000000ecd80000, 0x0000000100000000)
  eden space 28160K, 0% used [0x00000000eab00000,0x00000000eab00000,0x00000000ec680000)
  from space 1536K, 83% used [0x00000000ec680000,0x00000000ec7bec08,0x00000000ec800000)
  to   space 2560K, 0% used [0x00000000ecb00000,0x00000000ecb00000,0x00000000ecd80000)
 ParOldGen       total 247808K, used 245246K [0x00000000c0000000, 0x00000000cf200000, 0x00000000eab00000)
  object space 247808K, 98% used [0x00000000c0000000,0x00000000cef7fab0,0x00000000cf200000)
 Metaspace       used 60091K, committed 61120K, reserved 1114112K
  class space    used 6379K, committed 6848K, reserved 1048576K
}
Event: 95.936 GC heap after
{Heap after GC invocations=924 (full 24):
 PSYoungGen      total 28160K, used 0K [0x00000000eab00000, 0x00000000ecb80000, 0x0000000100000000)
  eden space 27648K, 0% used [0x00000000eab00000,0x00000000eab00000,0x00000000ec600000)
  from space 512K, 0% used [0x00000000ecb00000,0x00000000ecb00000,0x00000000ecb80000)
  to   space 2560K, 0% used [0x00000000ec680000,0x00000000ec680000,0x00000000ec900000)
 ParOldGen       total 215552K, used 181501K [0x00000000c0000000, 0x00000000cd280000, 0x00000000eab00000)
  object space 215552K, 84% used [0x00000000c0000000,0x00000000cb13f6b8,0x00000000cd280000)
 Metaspace       used 60091K, committed 61120K, reserved 1114112K
  class space    used 6379K, committed 6848K, reserved 1048576K
}
Event: 96.529 GC heap before
{Heap before GC invocations=925 (full 24):
 PSYoungGen      total 28160K, used 27648K [0x00000000eab00000, 0x00000000ecb80000, 0x0000000100000000)
  eden space 27648K, 100% used [0x00000000eab00000,0x00000000ec600000,0x00000000ec600000)
  from space 512K, 0% used [0x00000000ecb00000,0x00000000ecb00000,0x00000000ecb80000)
  to   space 2560K, 0% used [0x00000000ec680000,0x00000000ec680000,0x00000000ec900000)
 ParOldGen       total 215552K, used 181501K [0x00000000c0000000, 0x00000000cd280000, 0x00000000eab00000)
  object space 215552K, 84% used [0x00000000c0000000,0x00000000cb13f6b8,0x00000000cd280000)
 Metaspace       used 60849K, committed 61952K, reserved 1114112K
  class space    used 6450K, committed 6912K, reserved 1048576K
}
Event: 96.531 GC heap after
{Heap after GC invocations=925 (full 24):
 PSYoungGen      total 29696K, used 1299K [0x00000000eab00000, 0x00000000ecb80000, 0x0000000100000000)
  eden space 27136K, 0% used [0x00000000eab00000,0x00000000eab00000,0x00000000ec580000)
  from space 2560K, 50% used [0x00000000ec680000,0x00000000ec7c4fc8,0x00000000ec900000)
  to   space 1536K, 0% used [0x00000000eca00000,0x00000000eca00000,0x00000000ecb80000)
 ParOldGen       total 215552K, used 181509K [0x00000000c0000000, 0x00000000cd280000, 0x00000000eab00000)
  object space 215552K, 84% used [0x00000000c0000000,0x00000000cb1416b8,0x00000000cd280000)
 Metaspace       used 60849K, committed 61952K, reserved 1114112K
  class space    used 6450K, committed 6912K, reserved 1048576K
}
Event: 96.822 GC heap before
{Heap before GC invocations=926 (full 24):
 PSYoungGen      total 29696K, used 28435K [0x00000000eab00000, 0x00000000ecb80000, 0x0000000100000000)
  eden space 27136K, 100% used [0x00000000eab00000,0x00000000ec580000,0x00000000ec580000)
  from space 2560K, 50% used [0x00000000ec680000,0x00000000ec7c4fc8,0x00000000ec900000)
  to   space 1536K, 0% used [0x00000000eca00000,0x00000000eca00000,0x00000000ecb80000)
 ParOldGen       total 215552K, used 181509K [0x00000000c0000000, 0x00000000cd280000, 0x00000000eab00000)
  object space 215552K, 84% used [0x00000000c0000000,0x00000000cb1416b8,0x00000000cd280000)
 Metaspace       used 62687K, committed 63808K, reserved 1114112K
  class space    used 6636K, committed 7104K, reserved 1048576K
}
Event: 96.826 GC heap after
{Heap after GC invocations=926 (full 24):
 PSYoungGen      total 28160K, used 1462K [0x00000000eab00000, 0x00000000ecb80000, 0x0000000100000000)
  eden space 26624K, 0% used [0x00000000eab00000,0x00000000eab00000,0x00000000ec500000)
  from space 1536K, 95% used [0x00000000eca00000,0x00000000ecb6d850,0x00000000ecb80000)
  to   space 1536K, 0% used [0x00000000ec880000,0x00000000ec880000,0x00000000eca00000)
 ParOldGen       total 215552K, used 181517K [0x00000000c0000000, 0x00000000cd280000, 0x00000000eab00000)
  object space 215552K, 84% used [0x00000000c0000000,0x00000000cb1436b8,0x00000000cd280000)
 Metaspace       used 62687K, committed 63808K, reserved 1114112K
  class space    used 6636K, committed 7104K, reserved 1048576K
}
Event: 97.258 GC heap before
{Heap before GC invocations=927 (full 24):
 PSYoungGen      total 28160K, used 28072K [0x00000000eab00000, 0x00000000ecb80000, 0x0000000100000000)
  eden space 26624K, 99% used [0x00000000eab00000,0x00000000ec4fc900,0x00000000ec500000)
  from space 1536K, 95% used [0x00000000eca00000,0x00000000ecb6d850,0x00000000ecb80000)
  to   space 1536K, 0% used [0x00000000ec880000,0x00000000ec880000,0x00000000eca00000)
 ParOldGen       total 215552K, used 181517K [0x00000000c0000000, 0x00000000cd280000, 0x00000000eab00000)
  object space 215552K, 84% used [0x00000000c0000000,0x00000000cb1436b8,0x00000000cd280000)
 Metaspace       used 63647K, committed 64704K, reserved 1114112K
  class space    used 6741K, committed 7168K, reserved 1048576K
}
Event: 97.263 GC heap after
{Heap after GC invocations=927 (full 24):
 PSYoungGen      total 27648K, used 1520K [0x00000000eab00000, 0x00000000ecb80000, 0x0000000100000000)
  eden space 26112K, 0% used [0x00000000eab00000,0x00000000eab00000,0x00000000ec480000)
  from space 1536K, 99% used [0x00000000ec880000,0x00000000ec9fc3b0,0x00000000eca00000)
  to   space 1536K, 0% used [0x00000000eca00000,0x00000000eca00000,0x00000000ecb80000)
 ParOldGen       total 215552K, used 183238K [0x00000000c0000000, 0x00000000cd280000, 0x00000000eab00000)
  object space 215552K, 85% used [0x00000000c0000000,0x00000000cb2f1bd0,0x00000000cd280000)
 Metaspace       used 63647K, committed 64704K, reserved 1114112K
  class space    used 6741K, committed 7168K, reserved 1048576K
}
Event: 97.524 GC heap before
{Heap before GC invocations=928 (full 24):
 PSYoungGen      total 27648K, used 27632K [0x00000000eab00000, 0x00000000ecb80000, 0x0000000100000000)
  eden space 26112K, 99% used [0x00000000eab00000,0x00000000ec47fe78,0x00000000ec480000)
  from space 1536K, 99% used [0x00000000ec880000,0x00000000ec9fc3b0,0x00000000eca00000)
  to   space 1536K, 0% used [0x00000000eca00000,0x00000000eca00000,0x00000000ecb80000)
 ParOldGen       total 215552K, used 183500K [0x00000000c0000000, 0x00000000cd280000, 0x00000000eab00000)
  object space 215552K, 85% used [0x00000000c0000000,0x00000000cb333160,0x00000000cd280000)
 Metaspace       used 63787K, committed 64896K, reserved 1114112K
  class space    used 6754K, committed 7232K, reserved 1048576K
}
Event: 97.528 GC heap after
{Heap after GC invocations=928 (full 24):
 PSYoungGen      total 27648K, used 1536K [0x00000000eab00000, 0x00000000ecb80000, 0x0000000100000000)
  eden space 26112K, 0% used [0x00000000eab00000,0x00000000eab00000,0x00000000ec480000)
  from space 1536K, 100% used [0x00000000eca00000,0x00000000ecb80000,0x00000000ecb80000)
  to   space 3072K, 0% used [0x00000000ec580000,0x00000000ec580000,0x00000000ec880000)
 ParOldGen       total 215552K, used 184555K [0x00000000c0000000, 0x00000000cd280000, 0x00000000eab00000)
  object space 215552K, 85% used [0x00000000c0000000,0x00000000cb43ad40,0x00000000cd280000)
 Metaspace       used 63787K, committed 64896K, reserved 1114112K
  class space    used 6754K, committed 7232K, reserved 1048576K
}
Event: 97.907 GC heap before
{Heap before GC invocations=929 (full 24):
 PSYoungGen      total 27648K, used 27648K [0x00000000eab00000, 0x00000000ecb80000, 0x0000000100000000)
  eden space 26112K, 100% used [0x00000000eab00000,0x00000000ec480000,0x00000000ec480000)
  from space 1536K, 100% used [0x00000000eca00000,0x00000000ecb80000,0x00000000ecb80000)
  to   space 3072K, 0% used [0x00000000ec580000,0x00000000ec580000,0x00000000ec880000)
 ParOldGen       total 215552K, used 184765K [0x00000000c0000000, 0x00000000cd280000, 0x00000000eab00000)
  object space 215552K, 85% used [0x00000000c0000000,0x00000000cb46f4f8,0x00000000cd280000)
 Metaspace       used 65022K, committed 66176K, reserved 1114112K
  class space    used 6870K, committed 7360K, reserved 1048576K
}
Event: 97.914 GC heap after
{Heap after GC invocations=929 (full 24):
 PSYoungGen      total 28672K, used 2724K [0x00000000eab00000, 0x00000000eca80000, 0x0000000100000000)
  eden space 25600K, 0% used [0x00000000eab00000,0x00000000eab00000,0x00000000ec400000)
  from space 3072K, 88% used [0x00000000ec580000,0x00000000ec8293b8,0x00000000ec880000)
  to   space 2048K, 0% used [0x00000000ec880000,0x00000000ec880000,0x00000000eca80000)
 ParOldGen       total 215552K, used 185750K [0x00000000c0000000, 0x00000000cd280000, 0x00000000eab00000)
  object space 215552K, 86% used [0x00000000c0000000,0x00000000cb5659e8,0x00000000cd280000)
 Metaspace       used 65022K, committed 66176K, reserved 1114112K
  class space    used 6870K, committed 7360K, reserved 1048576K
}
Event: 98.287 GC heap before
{Heap before GC invocations=930 (full 24):
 PSYoungGen      total 28672K, used 28246K [0x00000000eab00000, 0x00000000eca80000, 0x0000000100000000)
  eden space 25600K, 99% used [0x00000000eab00000,0x00000000ec3ec6a8,0x00000000ec400000)
  from space 3072K, 88% used [0x00000000ec580000,0x00000000ec8293b8,0x00000000ec880000)
  to   space 2048K, 0% used [0x00000000ec880000,0x00000000ec880000,0x00000000eca80000)
 ParOldGen       total 215552K, used 185750K [0x00000000c0000000, 0x00000000cd280000, 0x00000000eab00000)
  object space 215552K, 86% used [0x00000000c0000000,0x00000000cb5659e8,0x00000000cd280000)
 Metaspace       used 65329K, committed 66432K, reserved 1114112K
  class space    used 6895K, committed 7360K, reserved 1048576K
}
Event: 98.293 GC heap after
{Heap after GC invocations=930 (full 24):
 PSYoungGen      total 27136K, used 2041K [0x00000000eab00000, 0x00000000ecb80000, 0x0000000100000000)
  eden space 25088K, 0% used [0x00000000eab00000,0x00000000eab00000,0x00000000ec380000)
  from space 2048K, 99% used [0x00000000ec880000,0x00000000eca7e6d0,0x00000000eca80000)
  to   space 4096K, 0% used [0x00000000ec380000,0x00000000ec380000,0x00000000ec780000)
 ParOldGen       total 215552K, used 187374K [0x00000000c0000000, 0x00000000cd280000, 0x00000000eab00000)
  object space 215552K, 86% used [0x00000000c0000000,0x00000000cb6fb9e8,0x00000000cd280000)
 Metaspace       used 65329K, committed 66432K, reserved 1114112K
  class space    used 6895K, committed 7360K, reserved 1048576K
}
Event: 98.794 GC heap before
{Heap before GC invocations=931 (full 24):
 PSYoungGen      total 27136K, used 27082K [0x00000000eab00000, 0x00000000ecb80000, 0x0000000100000000)
  eden space 25088K, 99% used [0x00000000eab00000,0x00000000ec3743b0,0x00000000ec380000)
  from space 2048K, 99% used [0x00000000ec880000,0x00000000eca7e6d0,0x00000000eca80000)
  to   space 4096K, 0% used [0x00000000ec380000,0x00000000ec380000,0x00000000ec780000)
 ParOldGen       total 215552K, used 187374K [0x00000000c0000000, 0x00000000cd280000, 0x00000000eab00000)
  object space 215552K, 86% used [0x00000000c0000000,0x00000000cb6fb9e8,0x00000000cd280000)
 Metaspace       used 65604K, committed 66688K, reserved 1114112K
  class space    used 6922K, committed 7360K, reserved 1048576K
}
Event: 98.803 GC heap after
{Heap after GC invocations=931 (full 24):
 PSYoungGen      total 26624K, used 1896K [0x00000000eab00000, 0x00000000ec900000, 0x0000000100000000)
  eden space 24576K, 0% used [0x00000000eab00000,0x00000000eab00000,0x00000000ec300000)
  from space 2048K, 92% used [0x00000000ec380000,0x00000000ec55a020,0x00000000ec580000)
  to   space 2560K, 0% used [0x00000000ec680000,0x00000000ec680000,0x00000000ec900000)
 ParOldGen       total 215552K, used 188880K [0x00000000c0000000, 0x00000000cd280000, 0x00000000eab00000)
  object space 215552K, 87% used [0x00000000c0000000,0x00000000cb874328,0x00000000cd280000)
 Metaspace       used 65604K, committed 66688K, reserved 1114112K
  class space    used 6922K, committed 7360K, reserved 1048576K
}
Event: 99.236 GC heap before
{Heap before GC invocations=932 (full 24):
 PSYoungGen      total 26624K, used 26375K [0x00000000eab00000, 0x00000000ec900000, 0x0000000100000000)
  eden space 24576K, 99% used [0x00000000eab00000,0x00000000ec2e7e28,0x00000000ec300000)
  from space 2048K, 92% used [0x00000000ec380000,0x00000000ec55a020,0x00000000ec580000)
  to   space 2560K, 0% used [0x00000000ec680000,0x00000000ec680000,0x00000000ec900000)
 ParOldGen       total 215552K, used 189006K [0x00000000c0000000, 0x00000000cd280000, 0x00000000eab00000)
  object space 215552K, 87% used [0x00000000c0000000,0x00000000cb893960,0x00000000cd280000)
 Metaspace       used 65998K, committed 67136K, reserved 1114112K
  class space    used 6959K, committed 7488K, reserved 1048576K
}
Event: 99.240 GC heap after
{Heap after GC invocations=932 (full 24):
 PSYoungGen      total 26624K, used 2559K [0x00000000eab00000, 0x00000000ecb00000, 0x0000000100000000)
  eden space 24064K, 0% used [0x00000000eab00000,0x00000000eab00000,0x00000000ec280000)
  from space 2560K, 99% used [0x00000000ec680000,0x00000000ec8fffe0,0x00000000ec900000)
  to   space 4096K, 0% used [0x00000000ec280000,0x00000000ec280000,0x00000000ec680000)
 ParOldGen       total 215552K, used 189791K [0x00000000c0000000, 0x00000000cd280000, 0x00000000eab00000)
  object space 215552K, 88% used [0x00000000c0000000,0x00000000cb957d48,0x00000000cd280000)
 Metaspace       used 65998K, committed 67136K, reserved 1114112K
  class space    used 6959K, committed 7488K, reserved 1048576K
}
Event: 100.361 GC heap before
{Heap before GC invocations=933 (full 24):
 PSYoungGen      total 26624K, used 26623K [0x00000000eab00000, 0x00000000ecb00000, 0x0000000100000000)
  eden space 24064K, 100% used [0x00000000eab00000,0x00000000ec280000,0x00000000ec280000)
  from space 2560K, 99% used [0x00000000ec680000,0x00000000ec8fffe0,0x00000000ec900000)
  to   space 4096K, 0% used [0x00000000ec280000,0x00000000ec280000,0x00000000ec680000)
 ParOldGen       total 215552K, used 189793K [0x00000000c0000000, 0x00000000cd280000, 0x00000000eab00000)
  object space 215552K, 88% used [0x00000000c0000000,0x00000000cb958730,0x00000000cd280000)
 Metaspace       used 66439K, committed 67520K, reserved 1114112K
  class space    used 6973K, committed 7488K, reserved 1048576K
}
Event: 100.368 GC heap after
{Heap after GC invocations=933 (full 24):
 PSYoungGen      total 27648K, used 3713K [0x00000000eab00000, 0x00000000eca00000, 0x0000000100000000)
  eden space 23552K, 0% used [0x00000000eab00000,0x00000000eab00000,0x00000000ec200000)
  from space 4096K, 90% used [0x00000000ec280000,0x00000000ec620420,0x00000000ec680000)
  to   space 3584K, 0% used [0x00000000ec680000,0x00000000ec680000,0x00000000eca00000)
 ParOldGen       total 215552K, used 191155K [0x00000000c0000000, 0x00000000cd280000, 0x00000000eab00000)
  object space 215552K, 88% used [0x00000000c0000000,0x00000000cbaacea0,0x00000000cd280000)
 Metaspace       used 66439K, committed 67520K, reserved 1114112K
  class space    used 6973K, committed 7488K, reserved 1048576K
}

