# JRE version: OpenJDK Runtime Environment Temurin-17.0.10+7 (17.0.10+7) (build 17.0.10+7)
# Java VM: OpenJDK 64-Bit Server VM Temurin-17.0.10+7 (17.0.10+7, mixed mode, emulated-client, tiered, compressed oops, compressed class ptrs, g1 gc, windows-amd64)
GC Precious Log:
 CPUs: 8 total, 8 available
 Memory: 3947M
 Large Page Support: Disabled
 NUMA Support: Disabled
 Compressed Oops: Enabled (32-bit)
 Heap Region Size: 1M
 Heap Min Capacity: 8M
 Heap Initial Capacity: 62M
 Heap Max Capacity: 1G
 Pre-touch: Disabled
 Parallel Workers: 8
 Concurrent Workers: 2
 Concurrent Refinement Workers: 8
 Periodic GC: Disabled
Heap:
 garbage-first heap   total 99328K, used 39056K [0x00000000c0000000, 0x0000000100000000)
  region size 1024K, 1 young (1024K), 0 survivors (0K)
 Metaspace       used 58867K, committed 59328K, reserved 1114112K
  class space    used 7336K, committed 7552K, reserved 1048576K
GC Heap History (20 events):
Event: 2542.999 GC heap before
{Heap before GC invocations=170 (full 150):
 garbage-first heap   total 99328K, used 39056K [0x00000000c0000000, 0x0000000100000000)
  region size 1024K, 1 young (1024K), 0 survivors (0K)
 Metaspace       used 58867K, committed 59328K, reserved 1114112K
  class space    used 7336K, committed 7552K, reserved 1048576K
}
Event: 2543.034 GC heap after
{Heap after GC invocations=171 (full 151):
 garbage-first heap   total 99328K, used 39056K [0x00000000c0000000, 0x0000000100000000)
  region size 1024K, 0 young (0K), 0 survivors (0K)
 Metaspace       used 58867K, committed 59328K, reserved 1114112K
  class space    used 7336K, committed 7552K, reserved 1048576K
}
Event: 2553.474 GC heap before
{Heap before GC invocations=171 (full 151):
 garbage-first heap   total 99328K, used 39056K [0x00000000c0000000, 0x0000000100000000)
  region size 1024K, 1 young (1024K), 0 survivors (0K)
 Metaspace       used 58867K, committed 59328K, reserved 1114112K
  class space    used 7336K, committed 7552K, reserved 1048576K
}
Event: 2553.510 GC heap after
{Heap after GC invocations=172 (full 152):
 garbage-first heap   total 99328K, used 39056K [0x00000000c0000000, 0x0000000100000000)
  region size 1024K, 0 young (0K), 0 survivors (0K)
 Metaspace       used 58867K, committed 59328K, reserved 1114112K
  class space    used 7336K, committed 7552K, reserved 1048576K
}
Event: 2563.727 GC heap before
{Heap before GC invocations=172 (full 152):
 garbage-first heap   total 99328K, used 39056K [0x00000000c0000000, 0x0000000100000000)
  region size 1024K, 1 young (1024K), 0 survivors (0K)
 Metaspace       used 58867K, committed 59328K, reserved 1114112K
  class space    used 7336K, committed 7552K, reserved 1048576K
}
Event: 2563.757 GC heap after
{Heap after GC invocations=173 (full 153):
 garbage-first heap   total 99328K, used 39056K [0x00000000c0000000, 0x0000000100000000)
  region size 1024K, 0 young (0K), 0 survivors (0K)
 Metaspace       used 58867K, committed 59328K, reserved 1114112K
  class space    used 7336K, committed 7552K, reserved 1048576K
}
Event: 2573.998 GC heap before
{Heap before GC invocations=173 (full 153):
 garbage-first heap   total 99328K, used 39056K [0x00000000c0000000, 0x0000000100000000)
  region size 1024K, 1 young (1024K), 0 survivors (0K)
 Metaspace       used 58867K, committed 59328K, reserved 1114112K
  class space    used 7336K, committed 7552K, reserved 1048576K
}
Event: 2574.032 GC heap after
{Heap after GC invocations=174 (full 154):
 garbage-first heap   total 99328K, used 39056K [0x00000000c0000000, 0x0000000100000000)
  region size 1024K, 0 young (0K), 0 survivors (0K)
 Metaspace       used 58867K, committed 59328K, reserved 1114112K
  class space    used 7336K, committed 7552K, reserved 1048576K
}
Event: 2584.282 GC heap before
{Heap before GC invocations=174 (full 154):
 garbage-first heap   total 99328K, used 39056K [0x00000000c0000000, 0x0000000100000000)
  region size 1024K, 1 young (1024K), 0 survivors (0K)
 Metaspace       used 58867K, committed 59328K, reserved 1114112K
  class space    used 7336K, committed 7552K, reserved 1048576K
}
Event: 2584.310 GC heap after
{Heap after GC invocations=175 (full 155):
 garbage-first heap   total 99328K, used 39056K [0x00000000c0000000, 0x0000000100000000)
  region size 1024K, 0 young (0K), 0 survivors (0K)
 Metaspace       used 58867K, committed 59328K, reserved 1114112K
  class space    used 7336K, committed 7552K, reserved 1048576K
}
Event: 2594.537 GC heap before
{Heap before GC invocations=175 (full 155):
 garbage-first heap   total 99328K, used 39056K [0x00000000c0000000, 0x0000000100000000)
  region size 1024K, 1 young (1024K), 0 survivors (0K)
 Metaspace       used 58867K, committed 59328K, reserved 1114112K
  class space    used 7336K, committed 7552K, reserved 1048576K
}
Event: 2594.563 GC heap after
{Heap after GC invocations=176 (full 156):
 garbage-first heap   total 99328K, used 39056K [0x00000000c0000000, 0x0000000100000000)
  region size 1024K, 0 young (0K), 0 survivors (0K)
 Metaspace       used 58867K, committed 59328K, reserved 1114112K
  class space    used 7336K, committed 7552K, reserved 1048576K
}
Event: 2604.788 GC heap before
{Heap before GC invocations=176 (full 156):
 garbage-first heap   total 99328K, used 39056K [0x00000000c0000000, 0x0000000100000000)
  region size 1024K, 1 young (1024K), 0 survivors (0K)
 Metaspace       used 58867K, committed 59328K, reserved 1114112K
  class space    used 7336K, committed 7552K, reserved 1048576K
}
Event: 2604.819 GC heap after
{Heap after GC invocations=177 (full 157):
 garbage-first heap   total 99328K, used 39056K [0x00000000c0000000, 0x0000000100000000)
  region size 1024K, 0 young (0K), 0 survivors (0K)
 Metaspace       used 58867K, committed 59328K, reserved 1114112K
  class space    used 7336K, committed 7552K, reserved 1048576K
}
Event: 2615.242 GC heap before
{Heap before GC invocations=177 (full 157):
 garbage-first heap   total 99328K, used 39056K [0x00000000c0000000, 0x0000000100000000)
  region size 1024K, 1 young (1024K), 0 survivors (0K)
 Metaspace       used 58867K, committed 59328K, reserved 1114112K
  class space    used 7336K, committed 7552K, reserved 1048576K
}
Event: 2615.278 GC heap after
{Heap after GC invocations=178 (full 158):
 garbage-first heap   total 99328K, used 39056K [0x00000000c0000000, 0x0000000100000000)
  region size 1024K, 0 young (0K), 0 survivors (0K)
 Metaspace       used 58867K, committed 59328K, reserved 1114112K
  class space    used 7336K, committed 7552K, reserved 1048576K
}
Event: 2625.860 GC heap before
{Heap before GC invocations=178 (full 158):
 garbage-first heap   total 99328K, used 39056K [0x00000000c0000000, 0x0000000100000000)
  region size 1024K, 1 young (1024K), 0 survivors (0K)
 Metaspace       used 58867K, committed 59328K, reserved 1114112K
  class space    used 7336K, committed 7552K, reserved 1048576K
}
Event: 2625.899 GC heap after
{Heap after GC invocations=179 (full 159):
 garbage-first heap   total 99328K, used 39056K [0x00000000c0000000, 0x0000000100000000)
  region size 1024K, 0 young (0K), 0 survivors (0K)
 Metaspace       used 58867K, committed 59328K, reserved 1114112K
  class space    used 7336K, committed 7552K, reserved 1048576K
}
Event: 2636.228 GC heap before
{Heap before GC invocations=179 (full 159):
 garbage-first heap   total 99328K, used 39056K [0x00000000c0000000, 0x0000000100000000)
  region size 1024K, 1 young (1024K), 0 survivors (0K)
 Metaspace       used 58867K, committed 59328K, reserved 1114112K
  class space    used 7336K, committed 7552K, reserved 1048576K
}
Event: 2636.265 GC heap after
{Heap after GC invocations=180 (full 160):
 garbage-first heap   total 99328K, used 39056K [0x00000000c0000000, 0x0000000100000000)
  region size 1024K, 0 young (0K), 0 survivors (0K)
 Metaspace       used 58867K, committed 59328K, reserved 1114112K
  class space    used 7336K, committed 7552K, reserved 1048576K
}

